<?xml version="1.0" encoding="UTF-8" standalone="no"?>
<fileLog>
<createdFiles>
<entry name="C:\Program Files\Common Files\i4j_jres\1.8.0_102\bin\jp2ssv.dll" shared="false" uninstallMode="1"/>
<entry name="C:\Program Files\Common Files\i4j_jres\1.8.0_102\bin\javafx_font_t2k.dll" shared="false" uninstallMode="1"/>
<entry name=".install4j\i4j_extf_3_17i8n0z.utf8" shared="false" uninstallMode="2"/>
<entry name=".install4j\i4j_extf_17_17i8n0z.utf8" shared="false" uninstallMode="2"/>
<entry name="C:\Program Files\Common Files\i4j_jres\1.8.0_102\bin\rmiregistry.exe" shared="false" uninstallMode="1"/>
<entry name="jre\lib\amd64\client\classes.jsa" shared="false" uninstallMode="0"/>
<entry name=".install4j\i4j_extf_7_17i8n0z.utf8" shared="false" uninstallMode="2"/>
<entry name="C:\Program Files\Common Files\i4j_jres\1.8.0_102\lib\deploy\splash_11-lic.gif" shared="false" uninstallMode="1"/>
<entry name="C:\Program Files\Common Files\i4j_jres\1.8.0_102\lib\ext\jaccess.jar" shared="false" uninstallMode="1"/>
<entry name=".install4j\i4j_extf_13_17i8n0z.utf8" shared="false" uninstallMode="2"/>
<entry name="C:\Program Files\Common Files\i4j_jres\1.8.0_102\lib\content-types.properties" shared="false" uninstallMode="1"/>
<entry name="C:\Program Files\Common Files\i4j_jres\1.8.0_102\bin\t2k.dll" shared="false" uninstallMode="1"/>
<entry name="C:\Program Files\Common Files\i4j_jres\1.8.0_102\bin\JAWTAccessBridge-64.dll" shared="false" uninstallMode="1"/>
<entry name=".install4j\i4jdel.exe" shared="false" uninstallMode="0"/>
<entry name="C:\Program Files\Common Files\i4j_jres\1.8.0_102\lib\images\cursors\cursors.properties" shared="false" uninstallMode="1"/>
<entry name="jre\lib\amd64\server\classes.jsa" shared="false" uninstallMode="0"/>
<entry name="jre\bin\server\classes.jsa" shared="false" uninstallMode="0"/>
<entry name="C:\Program Files\Common Files\i4j_jres\1.8.0_102\bin\jpeg.dll" shared="false" uninstallMode="1"/>
<entry name="C:\Program Files\Common Files\i4j_jres\1.8.0_102\bin\fontmanager.dll" shared="false" uninstallMode="1"/>
<entry name="C:\Program Files\Common Files\i4j_jres\1.8.0_102\bin\jsound.dll" shared="false" uninstallMode="1"/>
<entry name="C:\Program Files\Common Files\i4j_jres\1.8.0_102\bin\policytool.exe" shared="false" uninstallMode="1"/>
<entry name="C:\Program Files\Common Files\i4j_jres\1.8.0_102\bin\unpack.dll" shared="false" uninstallMode="1"/>
<entry name="C:\Program Files\Common Files\i4j_jres\1.8.0_102\bin\prism_sw.dll" shared="false" uninstallMode="1"/>
<entry name=".install4j\i4j_extf_16_17i8n0z.utf8" shared="false" uninstallMode="2"/>
<entry name="C:\Program Files\Common Files\i4j_jres\1.8.0_102\bin\jp2launcher.exe" shared="false" uninstallMode="1"/>
<entry name="C:\Program Files\Common Files\i4j_jres\1.8.0_102\bin\kcms.dll" shared="false" uninstallMode="1"/>
<entry name="C:\Program Files\Common Files\i4j_jres\1.8.0_102\lib\images\cursors\win32_LinkDrop32x32.gif" shared="false" uninstallMode="1"/>
<entry name="C:\Program Files\Common Files\i4j_jres\1.8.0_102\THIRDPARTYLICENSEREADME.txt" shared="false" uninstallMode="1"/>
<entry name="C:\Program Files\Common Files\i4j_jres\1.8.0_102\bin\javafx_iio.dll" shared="false" uninstallMode="1"/>
<entry name="C:\Program Files\Common Files\i4j_jres\1.8.0_102\lib\psfontj2d.properties" shared="false" uninstallMode="1"/>
<entry name="C:\Program Files\Common Files\i4j_jres\1.8.0_102\Welcome.html" shared="false" uninstallMode="1"/>
<entry name=".install4j\autoUninstall.1" shared="false" uninstallMode="0"/>
<entry name="C:\Program Files\Common Files\i4j_jres\1.8.0_102\lib\ext\sunmscapi.jar" shared="false" uninstallMode="1"/>
<entry name="C:\ProgramData\Microsoft\Windows\Start Menu\Programs\JabRef\JabRef 卸载程序.lnk" shared="false" uninstallMode="2"/>
<entry name="C:\Program Files\Common Files\i4j_jres\1.8.0_102\lib\deploy\messages.properties" shared="false" uninstallMode="1"/>
<entry name="C:\Program Files\Common Files\i4j_jres\1.8.0_102\bin\jsdt.dll" shared="false" uninstallMode="1"/>
<entry name="C:\Program Files\Common Files\i4j_jres\1.8.0_102\bin\instrument.dll" shared="false" uninstallMode="1"/>
<entry name="C:\Program Files\Common Files\i4j_jres\1.8.0_102\bin\javacpl.exe" shared="false" uninstallMode="1"/>
<entry name="C:\Program Files\Common Files\i4j_jres\1.8.0_102\bin\unpack200.exe" shared="false" uninstallMode="1"/>
<entry name=".install4j\i4j_extf_12_17i8n0z.utf8" shared="false" uninstallMode="2"/>
<entry name="C:\Program Files\Common Files\i4j_jres\1.8.0_102\lib\javafx.properties" shared="false" uninstallMode="1"/>
<entry name="C:\Program Files\Common Files\i4j_jres\1.8.0_102\lib\management\snmp.acl.template" shared="false" uninstallMode="1"/>
<entry name="C:\Program Files\Common Files\i4j_jres\1.8.0_102\bin\glass.dll" shared="false" uninstallMode="1"/>
<entry name="C:\Program Files\Common Files\i4j_jres\1.8.0_102\lib\psfont.properties.ja" shared="false" uninstallMode="1"/>
<entry name="jre\bin\client\classes.jsa" shared="false" uninstallMode="0"/>
<entry name="C:\Program Files\Common Files\i4j_jres\1.8.0_102\lib\jfr\default.jfc" shared="false" uninstallMode="1"/>
<entry name="JabRef.vmoptions" shared="false" uninstallMode="3"/>
<entry name="C:\Program Files\Common Files\i4j_jres\1.8.0_102\lib\ext\nashorn.jar" shared="false" uninstallMode="1"/>
<entry name="C:\Program Files\Common Files\i4j_jres\1.8.0_102\bin\dcpr.dll" shared="false" uninstallMode="1"/>
<entry name="C:\Program Files\Common Files\i4j_jres\1.8.0_102\bin\jp2native.dll" shared="false" uninstallMode="1"/>
<entry name="C:\Program Files\Common Files\i4j_jres\1.8.0_102\lib\classlist" shared="false" uninstallMode="1"/>
<entry name="C:\Program Files\Common Files\i4j_jres\1.8.0_102\lib\management\jmxremote.access" shared="false" uninstallMode="1"/>
<entry name="C:\Program Files\Common Files\i4j_jres\1.8.0_102\lib\security\cacerts" shared="false" uninstallMode="1"/>
<entry name="C:\Program Files\Common Files\i4j_jres\1.8.0_102\bin\awt.dll" shared="false" uninstallMode="1"/>
<entry name="C:\Program Files\Common Files\i4j_jres\1.8.0_102\lib\jfr\profile.jfc" shared="false" uninstallMode="1"/>
<entry name="C:\Program Files\Common Files\i4j_jres\1.8.0_102\bin\rmid.exe" shared="false" uninstallMode="1"/>
<entry name="jre\lib\sparc\client\classes.jsa" shared="false" uninstallMode="0"/>
<entry name="C:\Program Files\Common Files\i4j_jres\1.8.0_102\bin\j2pkcs11.dll" shared="false" uninstallMode="1"/>
<entry name="C:\Program Files\Common Files\i4j_jres\1.8.0_102\lib\deploy\messages_it.properties" shared="false" uninstallMode="1"/>
<entry name="C:\Program Files\Common Files\i4j_jres\1.8.0_102\lib\deploy\splash.gif" shared="false" uninstallMode="1"/>
<entry name="C:\Program Files\Common Files\i4j_jres\1.8.0_102\lib\ext\zipfs.jar" shared="false" uninstallMode="1"/>
<entry name="C:\Program Files\Common Files\i4j_jres\1.8.0_102\bin\msvcp120.dll" shared="false" uninstallMode="1"/>
<entry name="C:\Program Files\Common Files\i4j_jres\1.8.0_102\bin\msvcr120.dll" shared="false" uninstallMode="1"/>
<entry name="C:\Program Files\Common Files\i4j_jres\1.8.0_102\bin\server\jvm.dll" shared="false" uninstallMode="1"/>
<entry name="C:\Program Files\Common Files\i4j_jres\1.8.0_102\lib\sound.properties" shared="false" uninstallMode="1"/>
<entry name="C:\Program Files\Common Files\i4j_jres\1.8.0_102\bin\npt.dll" shared="false" uninstallMode="1"/>
<entry name=".install4j\i4j_extf_25_17i8n0z_1ttwfba.ico" shared="false" uninstallMode="2"/>
<entry name="C:\Program Files\Common Files\i4j_jres\1.8.0_102\bin\net.dll" shared="false" uninstallMode="1"/>
<entry name="C:\Program Files\Common Files\i4j_jres\1.8.0_102\lib\ext\sunec.jar" shared="false" uninstallMode="1"/>
<entry name="C:\Program Files\Common Files\i4j_jres\1.8.0_102\bin\jfxwebkit.dll" shared="false" uninstallMode="1"/>
<entry name="C:\Program Files\Common Files\i4j_jres\1.8.0_102\bin\pack200.exe" shared="false" uninstallMode="1"/>
<entry name="C:\Program Files\Common Files\i4j_jres\1.8.0_102\lib\calendars.properties" shared="false" uninstallMode="1"/>
<entry name=".install4j\i4jinst.dll" shared="false" uninstallMode="0"/>
<entry name=".install4j\i4j_extf_5_17i8n0z.utf8" shared="false" uninstallMode="2"/>
<entry name=".install4j\i4j_extf_15_17i8n0z.utf8" shared="false" uninstallMode="2"/>
<entry name="C:\Program Files\Common Files\i4j_jres\1.8.0_102\lib\ext\meta-index" shared="false" uninstallMode="1"/>
<entry name="C:\Program Files\Common Files\i4j_jres\1.8.0_102\lib\jce.jar" shared="false" uninstallMode="1"/>
<entry name="C:\Program Files\Common Files\i4j_jres\1.8.0_102\lib\net.properties" shared="false" uninstallMode="1"/>
<entry name="C:\Program Files\Common Files\i4j_jres\1.8.0_102\bin\prism_common.dll" shared="false" uninstallMode="1"/>
<entry name="C:\Program Files\Common Files\i4j_jres\1.8.0_102\lib\deploy\splash@2x.gif" shared="false" uninstallMode="1"/>
<entry name="C:\Program Files\Common Files\i4j_jres\1.8.0_102\bin\kinit.exe" shared="false" uninstallMode="1"/>
<entry name="C:\Program Files\Common Files\i4j_jres\1.8.0_102\bin\jdwp.dll" shared="false" uninstallMode="1"/>
<entry name="C:\Program Files\Common Files\i4j_jres\1.8.0_102\lib\rt.jar" shared="false" uninstallMode="1"/>
<entry name=".install4j\i4j_extf_24_17i8n0z_ry1996.icns" shared="false" uninstallMode="2"/>
<entry name="C:\Program Files\Common Files\i4j_jres\1.8.0_102\bin\hprof.dll" shared="false" uninstallMode="1"/>
<entry name="C:\Program Files\Common Files\i4j_jres\1.8.0_102\lib\jfxswt.jar" shared="false" uninstallMode="1"/>
<entry name="C:\Program Files\Common Files\i4j_jres\1.8.0_102\bin\java_crw_demo.dll" shared="false" uninstallMode="1"/>
<entry name="C:\Program Files\Common Files\i4j_jres\1.8.0_102\bin\splashscreen.dll" shared="false" uninstallMode="1"/>
<entry name=".install4j\response.varfile" shared="false" uninstallMode="0"/>
<entry name=".install4j\i4jparams.conf" shared="false" uninstallMode="2"/>
<entry name="C:\Program Files\Common Files\i4j_jres\1.8.0_102\lib\resources.jar" shared="false" uninstallMode="1"/>
<entry name="C:\Program Files\Common Files\i4j_jres\1.8.0_102\bin\dt_shmem.dll" shared="false" uninstallMode="1"/>
<entry name="C:\Program Files\Common Files\i4j_jres\1.8.0_102\README.txt" shared="false" uninstallMode="1"/>
<entry name="C:\Program Files\Common Files\i4j_jres\1.8.0_102\lib\images\cursors\win32_MoveNoDrop32x32.gif" shared="false" uninstallMode="1"/>
<entry name="C:\Program Files\Common Files\i4j_jres\1.8.0_102\bin\mlib_image.dll" shared="false" uninstallMode="1"/>
<entry name="C:\Program Files\Common Files\i4j_jres\1.8.0_102\lib\amd64\jvm.cfg" shared="false" uninstallMode="1"/>
<entry name="JabRef.exe" shared="false" uninstallMode="0"/>
<entry name="C:\Program Files\Common Files\i4j_jres\1.8.0_102\bin\resource.dll" shared="false" uninstallMode="1"/>
<entry name="C:\Program Files\Common Files\i4j_jres\1.8.0_102\lib\currency.data" shared="false" uninstallMode="1"/>
<entry name="C:\Program Files\Common Files\i4j_jres\1.8.0_102\bin\java.dll" shared="false" uninstallMode="1"/>
<entry name="C:\Program Files\Common Files\i4j_jres\1.8.0_102\bin\jfxmedia.dll" shared="false" uninstallMode="1"/>
<entry name="C:\Program Files\Common Files\i4j_jres\1.8.0_102\bin\nio.dll" shared="false" uninstallMode="1"/>
<entry name="C:\Program Files\Common Files\i4j_jres\1.8.0_102\bin\sunec.dll" shared="false" uninstallMode="1"/>
<entry name="C:\Program Files\Common Files\i4j_jres\1.8.0_102\lib\deploy.jar" shared="false" uninstallMode="1"/>
<entry name=".install4j\i4j_extf_4_17i8n0z.utf8" shared="false" uninstallMode="2"/>
<entry name="C:\Program Files\Common Files\i4j_jres\1.8.0_102\lib\management\jmxremote.password.template" shared="false" uninstallMode="1"/>
<entry name=".install4j\i4j_extf_6_17i8n0z.utf8" shared="false" uninstallMode="2"/>
<entry name="C:\ProgramData\Microsoft\Windows\Start Menu\Programs\JabRef\JabRef.lnk" shared="false" uninstallMode="2"/>
<entry name="C:\Program Files\Common Files\i4j_jres\1.8.0_102\lib\security\trusted.libraries" shared="false" uninstallMode="1"/>
<entry name=".install4j\inst_jre.cfg" shared="false" uninstallMode="0"/>
<entry name="C:\Program Files\Common Files\i4j_jres\1.8.0_102\bin\javafx_font.dll" shared="false" uninstallMode="1"/>
<entry name="C:\Program Files\Common Files\i4j_jres\1.8.0_102\bin\bci.dll" shared="false" uninstallMode="1"/>
<entry name="C:\Program Files\Common Files\i4j_jres\1.8.0_102\bin\management.dll" shared="false" uninstallMode="1"/>
<entry name="jre\lib\i386\server\classes.jsa" shared="false" uninstallMode="0"/>
<entry name="C:\Program Files\Common Files\i4j_jres\1.8.0_102\lib\images\cursors\invalid32x32.gif" shared="false" uninstallMode="1"/>
<entry name="C:\Program Files\Common Files\i4j_jres\1.8.0_102\bin\msvcr100.dll" shared="false" uninstallMode="1"/>
<entry name="C:\Program Files\Common Files\i4j_jres\1.8.0_102\bin\dt_socket.dll" shared="false" uninstallMode="1"/>
<entry name="C:\Program Files\Common Files\i4j_jres\1.8.0_102\lib\charsets.jar" shared="false" uninstallMode="1"/>
<entry name="C:\Program Files\Common Files\i4j_jres\1.8.0_102\lib\deploy\messages_zh_CN.properties" shared="false" uninstallMode="1"/>
<entry name="C:\Program Files\Common Files\i4j_jres\1.8.0_102\THIRDPARTYLICENSEREADME-JAVAFX.txt" shared="false" uninstallMode="1"/>
<entry name=".install4j\installer.ico" shared="false" uninstallMode="2"/>
<entry name="C:\Program Files\Common Files\i4j_jres\1.8.0_102\lib\fonts\LucidaTypewriterRegular.ttf" shared="false" uninstallMode="1"/>
<entry name="C:\Program Files\Common Files\i4j_jres\1.8.0_102\lib\ext\jfxrt.jar" shared="false" uninstallMode="1"/>
<entry name="C:\Program Files\Common Files\i4j_jres\1.8.0_102\lib\security\local_policy.jar" shared="false" uninstallMode="1"/>
<entry name="C:\Users\Public\Desktop\JabRef.lnk" shared="false" uninstallMode="2"/>
<entry name="C:\Program Files\Common Files\i4j_jres\1.8.0_102\bin\jfr.dll" shared="false" uninstallMode="1"/>
<entry name="C:\Program Files\Common Files\i4j_jres\1.8.0_102\lib\security\java.security" shared="false" uninstallMode="1"/>
<entry name="C:\Program Files\Common Files\i4j_jres\1.8.0_102\lib\images\cursors\win32_MoveDrop32x32.gif" shared="false" uninstallMode="1"/>
<entry name="C:\Program Files\Common Files\i4j_jres\1.8.0_102\lib\tzdb.dat" shared="false" uninstallMode="1"/>
<entry name="C:\Program Files\Common Files\i4j_jres\1.8.0_102\lib\jsse.jar" shared="false" uninstallMode="1"/>
<entry name="C:\Program Files\Common Files\i4j_jres\1.8.0_102\lib\jfr.jar" shared="false" uninstallMode="1"/>
<entry name="C:\Program Files\Common Files\i4j_jres\1.8.0_102\lib\accessibility.properties" shared="false" uninstallMode="1"/>
<entry name=".install4j\stats.properties" shared="false" uninstallMode="2"/>
<entry name="C:\Program Files\Common Files\i4j_jres\1.8.0_102\bin\java-rmi.exe" shared="false" uninstallMode="1"/>
<entry name="C:\Program Files\Common Files\i4j_jres\1.8.0_102\bin\java.exe" shared="false" uninstallMode="1"/>
<entry name="C:\Program Files\Common Files\i4j_jres\1.8.0_102\lib\deploy\messages_es.properties" shared="false" uninstallMode="1"/>
<entry name=".install4j\installation.log" shared="false" uninstallMode="0"/>
<entry name="C:\Program Files\Common Files\i4j_jres\1.8.0_102\lib\management-agent.jar" shared="false" uninstallMode="1"/>
<entry name="C:\Program Files\Common Files\i4j_jres\1.8.0_102\bin\w2k_lsa_auth.dll" shared="false" uninstallMode="1"/>
<entry name="C:\Program Files\Common Files\i4j_jres\1.8.0_102\lib\plugin.jar" shared="false" uninstallMode="1"/>
<entry name="C:\Program Files\Common Files\i4j_jres\1.8.0_102\bin\ktab.exe" shared="false" uninstallMode="1"/>
<entry name="C:\Program Files\Common Files\i4j_jres\1.8.0_102\bin\orbd.exe" shared="false" uninstallMode="1"/>
<entry name="C:\Program Files\Common Files\i4j_jres\1.8.0_102\lib\deploy\messages_pt_BR.properties" shared="false" uninstallMode="1"/>
<entry name="C:\Program Files\Common Files\i4j_jres\1.8.0_102\lib\fontconfig.properties.src" shared="false" uninstallMode="1"/>
<entry name="C:\Program Files\Common Files\i4j_jres\1.8.0_102\lib\security\blacklist" shared="false" uninstallMode="1"/>
<entry name="C:\Program Files\Common Files\i4j_jres\1.8.0_102\lib\ext\cldrdata.jar" shared="false" uninstallMode="1"/>
<entry name="C:\Program Files\Common Files\i4j_jres\1.8.0_102\lib\fonts\LucidaSansDemiBold.ttf" shared="false" uninstallMode="1"/>
<entry name="C:\Program Files\Common Files\i4j_jres\1.8.0_102\bin\decora_sse.dll" shared="false" uninstallMode="1"/>
<entry name="C:\Program Files\Common Files\i4j_jres\1.8.0_102\bin\jaas_nt.dll" shared="false" uninstallMode="1"/>
<entry name=".install4j\i4j_extf_20_17i8n0z.utf8" shared="false" uninstallMode="2"/>
<entry name="C:\Program Files\Common Files\i4j_jres\1.8.0_102\release" shared="false" uninstallMode="1"/>
<entry name=".install4j\i4j_extf_21_17i8n0z.utf8" shared="false" uninstallMode="2"/>
<entry name="uninstall.exe" shared="false" uninstallMode="0"/>
<entry name="C:\Program Files\Common Files\i4j_jres\1.8.0_102\bin\keytool.exe" shared="false" uninstallMode="1"/>
<entry name="C:\Program Files\Common Files\i4j_jres\1.8.0_102\lib\fonts\LucidaBrightDemiBold.ttf" shared="false" uninstallMode="1"/>
<entry name="C:\Program Files\Common Files\i4j_jres\1.8.0_102\lib\fonts\LucidaBrightRegular.ttf" shared="false" uninstallMode="1"/>
<entry name="C:\Program Files\Common Files\i4j_jres\1.8.0_102\bin\klist.exe" shared="false" uninstallMode="1"/>
<entry name=".install4j\MessagesDefault" shared="false" uninstallMode="2"/>
<entry name="C:\Program Files\Common Files\i4j_jres\1.8.0_102\bin\sunmscapi.dll" shared="false" uninstallMode="1"/>
<entry name="C:\Program Files\Common Files\i4j_jres\1.8.0_102\lib\fontconfig.bfc" shared="false" uninstallMode="1"/>
<entry name=".install4j\i4j_extf_18_17i8n0z.utf8" shared="false" uninstallMode="2"/>
<entry name="C:\Program Files\Common Files\i4j_jres\1.8.0_102\lib\deploy\messages_fr.properties" shared="false" uninstallMode="1"/>
<entry name=".install4j\i4j_extf_10_17i8n0z.utf8" shared="false" uninstallMode="2"/>
<entry name="C:\Program Files\Common Files\i4j_jres\1.8.0_102\lib\fonts\LucidaBrightDemiItalic.ttf" shared="false" uninstallMode="1"/>
<entry name="C:\Program Files\Common Files\i4j_jres\1.8.0_102\lib\security\java.policy" shared="false" uninstallMode="1"/>
<entry name=".install4j\i4j_extf_14_17i8n0z.utf8" shared="false" uninstallMode="2"/>
<entry name="C:\Program Files\Common Files\i4j_jres\1.8.0_102\lib\meta-index" shared="false" uninstallMode="1"/>
<entry name="C:\Program Files\Common Files\i4j_jres\1.8.0_102\lib\deploy\messages_ko.properties" shared="false" uninstallMode="1"/>
<entry name="C:\Program Files\Common Files\i4j_jres\1.8.0_102\lib\hijrah-config-umalqura.properties" shared="false" uninstallMode="1"/>
<entry name="C:\Program Files\Common Files\i4j_jres\1.8.0_102\bin\prism_d3d.dll" shared="false" uninstallMode="1"/>
<entry name="C:\Program Files\Common Files\i4j_jres\1.8.0_102\lib\jvm.hprof.txt" shared="false" uninstallMode="1"/>
<entry name="C:\Program Files\Common Files\i4j_jres\1.8.0_102\lib\deploy\messages_ja.properties" shared="false" uninstallMode="1"/>
<entry name="C:\Program Files\Common Files\i4j_jres\1.8.0_102\lib\logging.properties" shared="false" uninstallMode="1"/>
<entry name="C:\Program Files\Common Files\i4j_jres\1.8.0_102\bin\gstreamer-lite.dll" shared="false" uninstallMode="1"/>
<entry name=".install4j\pref_jre.cfg" shared="false" uninstallMode="0"/>
<entry name="C:\Program Files\Common Files\i4j_jres\1.8.0_102\lib\ext\sunpkcs11.jar" shared="false" uninstallMode="1"/>
<entry name="C:\Program Files\Common Files\i4j_jres\1.8.0_102\bin\zip.dll" shared="false" uninstallMode="1"/>
<entry name=".install4j\i4jruntime.jar" shared="false" uninstallMode="2"/>
<entry name=".install4j\i4j_extf_19_17i8n0z.utf8" shared="false" uninstallMode="2"/>
<entry name=".install4j\user.jar" shared="false" uninstallMode="2"/>
<entry name="C:\Program Files\Common Files\i4j_jres\1.8.0_102\bin\WindowsAccessBridge-64.dll" shared="false" uninstallMode="1"/>
<entry name="C:\Program Files\Common Files\i4j_jres\1.8.0_102\bin\wsdetect.dll" shared="false" uninstallMode="1"/>
<entry name="C:\Program Files\Common Files\i4j_jres\1.8.0_102\bin\jabswitch.exe" shared="false" uninstallMode="1"/>
<entry name=".install4j\i4j_extf_1_17i8n0z.utf8" shared="false" uninstallMode="2"/>
<entry name="C:\Program Files\Common Files\i4j_jres\1.8.0_102\lib\deploy\splash_11@2x-lic.gif" shared="false" uninstallMode="1"/>
<entry name=".install4j\i4j_extf_9_17i8n0z.utf8" shared="false" uninstallMode="2"/>
<entry name="C:\Program Files\Common Files\i4j_jres\1.8.0_102\lib\tzmappings" shared="false" uninstallMode="1"/>
<entry name="JabRef-3.6.jar" shared="false" uninstallMode="0"/>
<entry name="C:\Program Files\Common Files\i4j_jres\1.8.0_102\lib\ext\localedata.jar" shared="false" uninstallMode="1"/>
<entry name=".install4j\i4j_extf_11_17i8n0z.utf8" shared="false" uninstallMode="2"/>
<entry name="C:\Program Files\Common Files\i4j_jres\1.8.0_102\bin\jli.dll" shared="false" uninstallMode="1"/>
<entry name="C:\Program Files\Common Files\i4j_jres\1.8.0_102\lib\deploy\messages_zh_TW.properties" shared="false" uninstallMode="1"/>
<entry name="C:\Program Files\Common Files\i4j_jres\1.8.0_102\bin\tnameserv.exe" shared="false" uninstallMode="1"/>
<entry name="C:\Program Files\Common Files\i4j_jres\1.8.0_102\lib\deploy\messages_de.properties" shared="false" uninstallMode="1"/>
<entry name="C:\Program Files\Common Files\i4j_jres\1.8.0_102\lib\cmm\PYCC.pf" shared="false" uninstallMode="1"/>
<entry name="C:\Program Files\Common Files\i4j_jres\1.8.0_102\bin\glib-lite.dll" shared="false" uninstallMode="1"/>
<entry name="jre\lib\sparc\server\classes.jsa" shared="false" uninstallMode="0"/>
<entry name="C:\Program Files\Common Files\i4j_jres\1.8.0_102\bin\servertool.exe" shared="false" uninstallMode="1"/>
<entry name="C:\Program Files\Common Files\i4j_jres\1.8.0_102\bin\javaw.exe" shared="false" uninstallMode="1"/>
<entry name="JabRef.VisualElementsManifest.xml" shared="false" uninstallMode="0"/>
<entry name="C:\Program Files\Common Files\i4j_jres\1.8.0_102\bin\eula.dll" shared="false" uninstallMode="1"/>
<entry name="C:\Program Files\Common Files\i4j_jres\1.8.0_102\bin\server\Xusage.txt" shared="false" uninstallMode="1"/>
<entry name="C:\Program Files\Common Files\i4j_jres\1.8.0_102\lib\fonts\LucidaTypewriterBold.ttf" shared="false" uninstallMode="1"/>
<entry name="C:\Program Files\Common Files\i4j_jres\1.8.0_102\bin\jjs.exe" shared="false" uninstallMode="1"/>
<entry name="C:\Program Files\Common Files\i4j_jres\1.8.0_102\lib\security\US_export_policy.jar" shared="false" uninstallMode="1"/>
<entry name="C:\Program Files\Common Files\i4j_jres\1.8.0_102\bin\deploy.dll" shared="false" uninstallMode="1"/>
<entry name=".install4j\i4j_extf_23_17i8n0z.utf8" shared="false" uninstallMode="2"/>
<entry name="C:\Program Files\Common Files\i4j_jres\1.8.0_102\bin\verify.dll" shared="false" uninstallMode="1"/>
<entry name="C:\Program Files\Common Files\i4j_jres\1.8.0_102\lib\ext\access-bridge-64.jar" shared="false" uninstallMode="1"/>
<entry name=".install4j\i4j_extf_22_17i8n0z.utf8" shared="false" uninstallMode="2"/>
<entry name="C:\Program Files\Common Files\i4j_jres\1.8.0_102\lib\cmm\sRGB.pf" shared="false" uninstallMode="1"/>
<entry name="C:\Program Files\Common Files\i4j_jres\1.8.0_102\lib\ext\sunjce_provider.jar" shared="false" uninstallMode="1"/>
<entry name="C:\Program Files\Common Files\i4j_jres\1.8.0_102\bin\fxplugins.dll" shared="false" uninstallMode="1"/>
<entry name="C:\Program Files\Common Files\i4j_jres\1.8.0_102\bin\JavaAccessBridge-64.dll" shared="false" uninstallMode="1"/>
<entry name=".install4j\i4j_extf_2_17i8n0z.utf8" shared="false" uninstallMode="2"/>
<entry name="C:\Program Files\Common Files\i4j_jres\1.8.0_102\bin\javacpl.cpl" shared="false" uninstallMode="1"/>
<entry name=".install4j\install.prop" shared="false" uninstallMode="0"/>
<entry name="C:\Program Files\Common Files\i4j_jres\1.8.0_102\bin\lcms.dll" shared="false" uninstallMode="1"/>
<entry name="C:\Program Files\Common Files\i4j_jres\1.8.0_102\lib\deploy\messages_sv.properties" shared="false" uninstallMode="1"/>
<entry name="C:\Program Files\Common Files\i4j_jres\1.8.0_102\lib\cmm\LINEAR_RGB.pf" shared="false" uninstallMode="1"/>
<entry name=".install4j\i4j_extf_0_17i8n0z.utf8" shared="false" uninstallMode="2"/>
<entry name="C:\Program Files\Common Files\i4j_jres\1.8.0_102\bin\jp2iexp.dll" shared="false" uninstallMode="1"/>
<entry name="C:\Program Files\Common Files\i4j_jres\1.8.0_102\lib\flavormap.properties" shared="false" uninstallMode="1"/>
<entry name="C:\Program Files\Common Files\i4j_jres\1.8.0_102\lib\fonts\LucidaSansRegular.ttf" shared="false" uninstallMode="1"/>
<entry name="C:\Program Files\Common Files\i4j_jres\1.8.0_102\bin\jsoundds.dll" shared="false" uninstallMode="1"/>
<entry name="C:\Program Files\Common Files\i4j_jres\1.8.0_102\lib\images\cursors\win32_CopyNoDrop32x32.gif" shared="false" uninstallMode="1"/>
<entry name=".install4j\i4j_extf_8_17i8n0z.utf8" shared="false" uninstallMode="2"/>
<entry name="C:\Program Files\Common Files\i4j_jres\1.8.0_102\bin\ssvagent.exe" shared="false" uninstallMode="1"/>
<entry name="jre\lib\i386\client\classes.jsa" shared="false" uninstallMode="0"/>
<entry name="AUTHORS" shared="false" uninstallMode="0"/>
<entry name="C:\Program Files\Common Files\i4j_jres\1.8.0_102\lib\cmm\GRAY.pf" shared="false" uninstallMode="1"/>
<entry name="C:\Program Files\Common Files\i4j_jres\1.8.0_102\lib\deploy\messages_zh_HK.properties" shared="false" uninstallMode="1"/>
<entry name="C:\Program Files\Common Files\i4j_jres\1.8.0_102\lib\management\management.properties" shared="false" uninstallMode="1"/>
<entry name="C:\Program Files\Common Files\i4j_jres\1.8.0_102\bin\jawt.dll" shared="false" uninstallMode="1"/>
<entry name="C:\Program Files\Common Files\i4j_jres\1.8.0_102\bin\j2pcsc.dll" shared="false" uninstallMode="1"/>
<entry name="C:\Program Files\Common Files\i4j_jres\1.8.0_102\lib\deploy\ffjcext.zip" shared="false" uninstallMode="1"/>
<entry name="C:\Program Files\Common Files\i4j_jres\1.8.0_102\LICENSE" shared="false" uninstallMode="1"/>
<entry name="C:\Program Files\Common Files\i4j_jres\1.8.0_102\COPYRIGHT" shared="false" uninstallMode="1"/>
<entry name="C:\Program Files\Common Files\i4j_jres\1.8.0_102\lib\fonts\LucidaBrightItalic.ttf" shared="false" uninstallMode="1"/>
<entry name="C:\Program Files\Common Files\i4j_jres\1.8.0_102\lib\ext\dnsns.jar" shared="false" uninstallMode="1"/>
<entry name="C:\Program Files\Common Files\i4j_jres\1.8.0_102\bin\ssv.dll" shared="false" uninstallMode="1"/>
<entry name="C:\Program Files\Common Files\i4j_jres\1.8.0_102\lib\security\javaws.policy" shared="false" uninstallMode="1"/>
<entry name="C:\Program Files\Common Files\i4j_jres\1.8.0_102\lib\security\blacklisted.certs" shared="false" uninstallMode="1"/>
<entry name="C:\Program Files\Common Files\i4j_jres\1.8.0_102\lib\images\cursors\win32_LinkNoDrop32x32.gif" shared="false" uninstallMode="1"/>
<entry name="C:\Program Files\Common Files\i4j_jres\1.8.0_102\lib\images\cursors\win32_CopyDrop32x32.gif" shared="false" uninstallMode="1"/>
<entry name="C:\Program Files\Common Files\i4j_jres\1.8.0_102\lib\cmm\CIEXYZ.pf" shared="false" uninstallMode="1"/>
</createdFiles>
<createdDirs>
<entry name="C:\ProgramData\Microsoft\Windows\Start Menu\Programs\JabRef" shared="false" uninstallMode="0"/>
<entry name=".install4j" shared="false" uninstallMode="0"/>
<entry name="." shared="false" uninstallMode="0"/>
<entry name="C:\Program Files\Common Files\i4j_jres\1.8.0_102\lib\security" shared="false" uninstallMode="1"/>
<entry name="C:\Program Files\Common Files\i4j_jres\1.8.0_102\lib\management" shared="false" uninstallMode="1"/>
<entry name="C:\Program Files\Common Files\i4j_jres\1.8.0_102\lib\jfr" shared="false" uninstallMode="1"/>
<entry name="C:\Program Files\Common Files\i4j_jres\1.8.0_102\lib\images\cursors" shared="false" uninstallMode="1"/>
<entry name="C:\Program Files\Common Files\i4j_jres\1.8.0_102\lib\images" shared="false" uninstallMode="1"/>
<entry name="C:\Program Files\Common Files\i4j_jres\1.8.0_102\lib\fonts" shared="false" uninstallMode="1"/>
<entry name="C:\Program Files\Common Files\i4j_jres\1.8.0_102\lib\ext" shared="false" uninstallMode="1"/>
<entry name="C:\Program Files\Common Files\i4j_jres\1.8.0_102\lib\deploy" shared="false" uninstallMode="1"/>
<entry name="C:\Program Files\Common Files\i4j_jres\1.8.0_102\lib\cmm" shared="false" uninstallMode="1"/>
<entry name="C:\Program Files\Common Files\i4j_jres\1.8.0_102\lib\applet" shared="false" uninstallMode="1"/>
<entry name="C:\Program Files\Common Files\i4j_jres\1.8.0_102\lib\amd64" shared="false" uninstallMode="1"/>
<entry name="C:\Program Files\Common Files\i4j_jres\1.8.0_102\lib" shared="false" uninstallMode="1"/>
<entry name="C:\Program Files\Common Files\i4j_jres\1.8.0_102\bin\server" shared="false" uninstallMode="1"/>
<entry name="C:\Program Files\Common Files\i4j_jres\1.8.0_102\bin" shared="false" uninstallMode="1"/>
<entry name="C:\Program Files\Common Files\i4j_jres\1.8.0_102" shared="false" uninstallMode="1"/>
<entry name="C:\Program Files\Common Files\i4j_jres" shared="false" uninstallMode="1"/>
</createdDirs>
</fileLog>
